[2023-11-15 15:54:07] [ERROR] Configuration file not found: C:\xampp\htdocs\voltage\configs/config.json
[2023-11-15 15:55:10] [ERROR] Configuration file not found: C:\xampp\htdocs\voltage\configs/config.json
[2023-11-15 15:57:04] [ERROR] Configuration file not found: C:\xampp\htdocs\voltage\configs/config.json
[2023-11-15 16:42:55] [ERROR] Router path not found: C:\xampp\htdocs\voltage\routes\webs.php
[2023-11-15 16:47:50] [ERROR] No active plugin with routes found in the packages directory
[2023-11-15 17:08:25] [ERROR] No active plugin with routes found in the packages directory
[2023-11-15 17:08:44] [ERROR] No active plugin with routes found in the packages directory
[2023-11-15 17:08:45] [ERROR] No active plugin with routes found in the packages directory
[2023-11-15 17:09:05] [ERROR] No active plugin with routes found in the packages directory
[2023-11-16 00:02:25] [ERROR] Error: Missing required file(s) in package 'admin': plugins.php
[2023-11-16 00:04:40] [ERROR] Error: Missing required file(s) in package 'admin': plugins.php
[2023-11-16 00:04:55] [ERROR] Error: Missing required file(s) in package 'admin': plugins.php
[2023-11-16 00:46:04] [ERROR] Error: Duplicate id 'admin' found in install.json for package 'menu'
[2023-11-16 00:51:38] [ERROR] Error: Duplicate id 'admin' found in install.json for package 'menu'
[2023-11-16 00:59:05] [ERROR] Error: Duplicate id 'admin' found in install.json for package 'menu'
[2023-11-16 01:28:04] [ERROR] Error: 'id' is empty in install.json for package 'menu'
[2023-11-16 01:28:32] [ERROR] Error: Duplicate id 'admin' found in install.json for package 'menu'
[2023-11-16 01:32:28] [ERROR] Error: 'name' is empty in install.json for package 'menu'
[2023-11-16 01:36:15] [ERROR] Error: Invalid version format in install.json for package 'menu'. The version must follow the format x.y.z, where x, y, and z are non-negative integers
[2023-11-16 09:47:07] [ERROR] Error: Missing required subfolder(s) in package 'menu': styles, scripts, images
[2023-11-16 09:47:17] [ERROR] Error: Missing required subfolder(s) in package 'menu': styles, scripts, images
[2023-11-17 12:11:57] [ERROR] Error writing compiled content to file
